[debug] [2020-10-27T02:44:52.323Z] ----------------------------------------------------------------------
[debug] [2020-10-27T02:44:52.325Z] Command:       /Users/rodrigocoelho/.nvm/versions/node/v12.19.0/bin/node /Users/rodrigocoelho/.nvm/versions/node/v12.19.0/bin/firebase init
[debug] [2020-10-27T02:44:52.325Z] CLI Version:   8.14.0
[debug] [2020-10-27T02:44:52.325Z] Platform:      darwin
[debug] [2020-10-27T02:44:52.325Z] Node Version:  v12.19.0
[debug] [2020-10-27T02:44:52.326Z] Time:          Mon Oct 26 2020 23:44:52 GMT-0300 (Brasilia Standard Time)
[debug] [2020-10-27T02:44:52.326Z] ----------------------------------------------------------------------
[debug] [2020-10-27T02:44:52.326Z] 
[debug] [2020-10-27T02:44:52.330Z] > command requires scopes: ["email","openid","https://www.googleapis.com/auth/cloudplatformprojects.readonly","https://www.googleapis.com/auth/firebase","https://www.googleapis.com/auth/cloud-platform"]
[debug] [2020-10-27T02:44:52.330Z] > authorizing via signed-in user
[info] 
     ######## #### ########  ######## ########     ###     ######  ########
     ##        ##  ##     ## ##       ##     ##  ##   ##  ##       ##
     ######    ##  ########  ######   ########  #########  ######  ######
     ##        ##  ##    ##  ##       ##     ## ##     ##       ## ##
     ##       #### ##     ## ######## ########  ##     ##  ######  ########

You're about to initialize a Firebase project in this directory:

  /Users/rodrigocoelho/Desktop/Vacathon/vacathon-2020

[info] 
=== Project Setup
[info] 
[info] First, let's associate this project directory with a Firebase project.
[info] You can create multiple project aliases by running firebase use --add, 
[info] but for now we'll just set up a default project.
[info] 
[debug] [2020-10-27T02:45:03.574Z] > refreshing access token with scopes: ["email","https://www.googleapis.com/auth/cloud-platform","https://www.googleapis.com/auth/cloudplatformprojects.readonly","https://www.googleapis.com/auth/firebase","openid"]
[debug] [2020-10-27T02:45:03.574Z] >>> HTTP REQUEST POST https://www.googleapis.com/oauth2/v3/token  
 <request body omitted>
[debug] [2020-10-27T02:45:03.742Z] <<< HTTP RESPONSE 200 {"cache-control":"no-cache, no-store, max-age=0, must-revalidate","expires":"Mon, 01 Jan 1990 00:00:00 GMT","date":"Tue, 27 Oct 2020 02:45:03 GMT","pragma":"no-cache","content-type":"application/json; charset=utf-8","vary":"X-Origin, Referer, Origin,Accept-Encoding","server":"scaffolding on HTTPServer2","x-xss-protection":"0","x-frame-options":"SAMEORIGIN","x-content-type-options":"nosniff","alt-svc":"h3-Q050=\":443\"; ma=2592000,h3-29=\":443\"; ma=2592000,h3-T051=\":443\"; ma=2592000,h3-T050=\":443\"; ma=2592000,h3-Q046=\":443\"; ma=2592000,h3-Q043=\":443\"; ma=2592000,quic=\":443\"; ma=2592000; v=\"46,43\"","accept-ranges":"none","transfer-encoding":"chunked"}
[debug] [2020-10-27T02:45:03.757Z] >>> HTTP REQUEST GET https://firebase.googleapis.com/v1beta1/projects?pageSize=100  
 
[debug] [2020-10-27T02:45:04.884Z] <<< HTTP RESPONSE 200 {"content-type":"application/json; charset=UTF-8","vary":"X-Origin, Referer, Origin,Accept-Encoding","date":"Tue, 27 Oct 2020 02:45:04 GMT","server":"ESF","cache-control":"private","x-xss-protection":"0","x-frame-options":"SAMEORIGIN","x-content-type-options":"nosniff","alt-svc":"h3-Q050=\":443\"; ma=2592000,h3-29=\":443\"; ma=2592000,h3-T051=\":443\"; ma=2592000,h3-T050=\":443\"; ma=2592000,h3-Q046=\":443\"; ma=2592000,h3-Q043=\":443\"; ma=2592000,quic=\":443\"; ma=2592000; v=\"46,43\"","accept-ranges":"none","transfer-encoding":"chunked"}
[info] i  Using project vacathon-1ba21 (Vacathon) 
[info] 
=== Hosting Setup
[info] 
[info] Your public directory is the folder (relative to your project directory) that
[info] will contain Hosting assets to be uploaded with firebase deploy. If you
[info] have a build process for your assets, use your build's output directory.
[info] 
[debug] [2020-10-27T02:46:18.058Z] TypeError: Cannot read property 'setRawMode' of null
    at ReadStream.setRawMode (tty.js:75:28)
    at Interface._setRawMode (readline.js:290:16)
    at Interface.close (readline.js:413:10)
    at ReadStream.ontermend (readline.js:201:10)
    at ReadStream.emit (events.js:326:22)
    at ReadStream.EventEmitter.emit (domain.js:483:12)
    at endReadableNT (_stream_readable.js:1223:12)
    at processTicksAndRejections (internal/process/task_queues.js:84:21)
